[debug] ----------------------------------------------------------------------
[debug] Command:      /usr/local/bin/node /usr/local/bin/firebase serve
[debug] CLI Version:  3.1.0
[debug] Platform:     darwin
[debug] Node Version: v6.7.0
[debug] Time:         Fri Jan 20 2017 07:57:33 GMT+0100 (CET)
[debug] ----------------------------------------------------------------------
[debug] 
[info] Starting Firebase development server...
[info] 
[info] Project Directory: /Users/laurazenc/Documents/Workspaces/angular/ResourcesBox
[info] Public Directory: app
[info] 
[info] Server listening at: http://localhost:5000
[info] Shutting down...
[debug] Error: write EPIPE
    at exports._errnoException (util.js:1036:11)
    at WriteWrap.afterWrite (net.js:794:14)
[error] 
[error] Error: An unexpected error has occurred.
[debug] ----------------------------------------------------------------------
[debug] Command:      /usr/local/bin/node /usr/local/bin/firebase serve
[debug] CLI Version:  3.1.0
[debug] Platform:     darwin
[debug] Node Version: v6.7.0
[debug] Time:         Fri Jan 27 2017 21:07:08 GMT+0100 (CET)
[debug] ----------------------------------------------------------------------
[debug] 
[info] Starting Firebase development server...
[info] 
[info] Project Directory: /Users/laurazenc/Documents/Workspaces/angular/ResourcesBox
[info] Public Directory: app
[info] 
[info] Server listening at: http://localhost:5000
[debug] ----------------------------------------------------------------------
[debug] Command:      /usr/local/bin/node /usr/local/bin/firebase serve
[debug] CLI Version:  3.1.0
[debug] Platform:     darwin
[debug] Node Version: v6.7.0
[debug] Time:         Thu Feb 16 2017 22:09:45 GMT+0100 (CET)
[debug] ----------------------------------------------------------------------
[debug] 
[info] Starting Firebase development server...
[info] 
[info] Project Directory: /Users/laurazenc/Documents/Workspaces/angular/ResourcesBox
[info] Public Directory: app
[info] 
[info] Server listening at: http://localhost:5000
[debug] ----------------------------------------------------------------------
[debug] Command:      /usr/local/bin/node /usr/local/bin/firebase serve
[debug] CLI Version:  3.1.0
[debug] Platform:     darwin
[debug] Node Version: v6.7.0
[debug] Time:         Sat Feb 18 2017 10:39:07 GMT+0100 (CET)
[debug] ----------------------------------------------------------------------
[debug] 
[info] Starting Firebase development server...
[info] 
[info] Project Directory: /Users/laurazenc/Documents/Workspaces/angular/ResourcesBox
[info] Public Directory: app
[info] 
[info] Server listening at: http://localhost:5000
[debug] ----------------------------------------------------------------------
[debug] Command:      /usr/local/bin/node /usr/local/bin/firebase serve
[debug] CLI Version:  3.1.0
[debug] Platform:     darwin
[debug] Node Version: v6.7.0
[debug] Time:         Sat Mar 04 2017 17:41:52 GMT+0100 (CET)
[debug] ----------------------------------------------------------------------
[debug] 
[info] Starting Firebase development server...
[info] 
[info] Project Directory: /Users/laurazenc/Documents/Workspaces/angular/ResourcesBox
[info] Public Directory: app
[info] 
[info] Server listening at: http://localhost:5000
[debug] ----------------------------------------------------------------------
[debug] Command:      /usr/local/bin/node /usr/local/bin/firebase serve
[debug] CLI Version:  3.1.0
[debug] Platform:     darwin
[debug] Node Version: v6.7.0
[debug] Time:         Wed Mar 22 2017 23:44:57 GMT+0100 (CET)
[debug] ----------------------------------------------------------------------
[debug] 
[info] Starting Firebase development server...
[info] 
[info] Project Directory: /Users/laurazenc/Documents/Workspaces/angular/ResourcesBox
[info] Public Directory: app
[info] 
[info] Server listening at: http://localhost:5000
[debug] ----------------------------------------------------------------------
[debug] Command:      /usr/local/bin/node /usr/local/bin/firebase serve
[debug] CLI Version:  3.1.0
[debug] Platform:     darwin
[debug] Node Version: v6.7.0
[debug] Time:         Thu Mar 23 2017 22:35:11 GMT+0100 (CET)
[debug] ----------------------------------------------------------------------
[debug] 
[info] Starting Firebase development server...
[info] 
[info] Project Directory: /Users/laurazenc/Documents/Workspaces/angular/ResourcesBox
[info] Public Directory: app
[info] 
[info] Server listening at: http://localhost:5000
[debug] ----------------------------------------------------------------------
[debug] Command:      /usr/local/bin/node /usr/local/bin/firebase serve
[debug] CLI Version:  3.1.0
[debug] Platform:     darwin
[debug] Node Version: v6.7.0
[debug] Time:         Fri Mar 24 2017 22:31:38 GMT+0100 (CET)
[debug] ----------------------------------------------------------------------
[debug] 
[info] Starting Firebase development server...
[info] 
[info] Project Directory: /Users/laurazenc/Documents/Workspaces/angular/ResourcesBox
[info] Public Directory: app
[info] 
[info] Server listening at: http://localhost:5000
[debug] ----------------------------------------------------------------------
[debug] Command:      /usr/local/bin/node /usr/local/bin/firebase serve
[debug] CLI Version:  3.1.0
[debug] Platform:     darwin
[debug] Node Version: v6.7.0
[debug] Time:         Mon Mar 27 2017 21:04:31 GMT+0200 (CEST)
[debug] ----------------------------------------------------------------------
[debug] 
[info] Starting Firebase development server...
[info] 
[info] Project Directory: /Users/laurazenc/Documents/Workspaces/angular/ResourcesBox
[info] Public Directory: app
[info] 
[info] Server listening at: http://localhost:5000
[debug] ----------------------------------------------------------------------
[debug] Command:      /usr/local/bin/node /usr/local/bin/firebase serve
[debug] CLI Version:  3.1.0
[debug] Platform:     darwin
[debug] Node Version: v6.7.0
[debug] Time:         Wed Apr 12 2017 17:21:02 GMT+0200 (CEST)
[debug] ----------------------------------------------------------------------
[debug] 
[info] Starting Firebase development server...
[info] 
[info] Project Directory: /Users/laurazenc/Documents/Workspaces/angular/ResourcesBox
[info] Public Directory: app
[info] 
[info] Server listening at: http://localhost:5000
